0 info it worked if it ends with ok
1 verbose cli [ '/usr/bin/nodejs',
1 verbose cli   '/usr/bin/npm',
1 verbose cli   'install',
1 verbose cli   '--save',
1 verbose cli   'qrcode' ]
2 info using npm@3.10.10
3 info using node@v6.9.4
4 silly loadCurrentTree Starting
5 silly install loadCurrentTree
6 silly install readLocalPackageData
7 silly fetchPackageMetaData qrcode
8 silly fetchNamedPackageData qrcode
9 silly mapToRegistry name qrcode
10 silly mapToRegistry using default registry
11 silly mapToRegistry registry https://registry.npmjs.org/
12 silly mapToRegistry data Result {
12 silly mapToRegistry   raw: 'qrcode',
12 silly mapToRegistry   scope: null,
12 silly mapToRegistry   escapedName: 'qrcode',
12 silly mapToRegistry   name: 'qrcode',
12 silly mapToRegistry   rawSpec: '',
12 silly mapToRegistry   spec: 'latest',
12 silly mapToRegistry   type: 'tag' }
13 silly mapToRegistry uri https://registry.npmjs.org/qrcode
14 verbose request uri https://registry.npmjs.org/qrcode
15 verbose request no auth needed
16 info attempt registry request try #1 at 12:09:28 PM
17 verbose request id 45c986e604fc27fa
18 verbose etag W/"586b56fc-7d78"
19 verbose lastModified Tue, 03 Jan 2017 07:47:08 GMT
20 http request GET https://registry.npmjs.org/qrcode
21 http 304 https://registry.npmjs.org/qrcode
22 verbose headers { date: 'Tue, 21 Feb 2017 11:09:28 GMT',
22 verbose headers   via: '1.1 varnish',
22 verbose headers   'cache-control': 'max-age=300',
22 verbose headers   etag: 'W/"586b56fc-7d78"',
22 verbose headers   age: '0',
22 verbose headers   connection: 'keep-alive',
22 verbose headers   'x-served-by': 'cache-cdg8722-CDG',
22 verbose headers   'x-cache': 'HIT',
22 verbose headers   'x-cache-hits': '1',
22 verbose headers   'x-timer': 'S1487675368.727489,VS0,VE15',
22 verbose headers   vary: 'Accept-Encoding' }
23 silly get cb [ 304,
23 silly get   { date: 'Tue, 21 Feb 2017 11:09:28 GMT',
23 silly get     via: '1.1 varnish',
23 silly get     'cache-control': 'max-age=300',
23 silly get     etag: 'W/"586b56fc-7d78"',
23 silly get     age: '0',
23 silly get     connection: 'keep-alive',
23 silly get     'x-served-by': 'cache-cdg8722-CDG',
23 silly get     'x-cache': 'HIT',
23 silly get     'x-cache-hits': '1',
23 silly get     'x-timer': 'S1487675368.727489,VS0,VE15',
23 silly get     vary: 'Accept-Encoding' } ]
24 verbose etag https://registry.npmjs.org/qrcode from cache
25 verbose get saving qrcode to /home/simplonco/.npm/registry.npmjs.org/qrcode/.cache.json
26 verbose correctMkdir /home/simplonco/.npm correctMkdir not in flight; initializing
27 silly install normalizeTree
28 silly loadCurrentTree Finishing
29 silly loadIdealTree Starting
30 silly install loadIdealTree
31 silly cloneCurrentTree Starting
32 silly install cloneCurrentTreeToIdealTree
33 silly cloneCurrentTree Finishing
34 silly loadShrinkwrap Starting
35 silly install loadShrinkwrap
36 silly loadShrinkwrap Finishing
37 silly loadAllDepsIntoIdealTree Starting
38 silly install loadAllDepsIntoIdealTree
39 silly resolveWithNewModule qrcode@0.5.0 checking installable status
40 silly cache add args [ 'qrcode', null ]
41 verbose cache add spec qrcode
42 silly cache add parsed spec Result {
42 silly cache add   raw: 'qrcode',
42 silly cache add   scope: null,
42 silly cache add   escapedName: 'qrcode',
42 silly cache add   name: 'qrcode',
42 silly cache add   rawSpec: '',
42 silly cache add   spec: 'latest',
42 silly cache add   type: 'tag' }
43 silly addNamed qrcode@latest
44 verbose addNamed "latest" is being treated as a dist-tag for qrcode
45 info addNameTag [ 'qrcode', 'latest' ]
46 silly mapToRegistry name qrcode
47 silly mapToRegistry using default registry
48 silly mapToRegistry registry https://registry.npmjs.org/
49 silly mapToRegistry data Result {
49 silly mapToRegistry   raw: 'qrcode',
49 silly mapToRegistry   scope: null,
49 silly mapToRegistry   escapedName: 'qrcode',
49 silly mapToRegistry   name: 'qrcode',
49 silly mapToRegistry   rawSpec: '',
49 silly mapToRegistry   spec: 'latest',
49 silly mapToRegistry   type: 'tag' }
50 silly mapToRegistry uri https://registry.npmjs.org/qrcode
51 verbose addNameTag registry:https://registry.npmjs.org/qrcode not in flight; fetching
52 verbose get https://registry.npmjs.org/qrcode not expired, no request
53 silly addNameTag next cb for qrcode with tag latest
54 silly addNamed qrcode@0.5.0
55 verbose addNamed "0.5.0" is a plain semver version for qrcode
56 silly cache afterAdd qrcode@0.5.0
57 verbose afterAdd /home/simplonco/.npm/qrcode/0.5.0/package/package.json not in flight; writing
58 verbose correctMkdir /home/simplonco/.npm correctMkdir not in flight; initializing
59 verbose afterAdd /home/simplonco/.npm/qrcode/0.5.0/package/package.json written
60 silly fetchNamedPackageData canvas
61 silly mapToRegistry name canvas
62 silly mapToRegistry using default registry
63 silly mapToRegistry registry https://registry.npmjs.org/
64 silly mapToRegistry data Result {
64 silly mapToRegistry   raw: 'canvas',
64 silly mapToRegistry   scope: null,
64 silly mapToRegistry   escapedName: 'canvas',
64 silly mapToRegistry   name: 'canvas',
64 silly mapToRegistry   rawSpec: '',
64 silly mapToRegistry   spec: 'latest',
64 silly mapToRegistry   type: 'tag' }
65 silly mapToRegistry uri https://registry.npmjs.org/canvas
66 verbose request uri https://registry.npmjs.org/canvas
67 verbose request no auth needed
68 info attempt registry request try #1 at 12:09:28 PM
69 verbose etag W/"58aa7578-1ec96"
70 verbose lastModified Mon, 20 Feb 2017 04:50:00 GMT
71 http request GET https://registry.npmjs.org/canvas
72 http 304 https://registry.npmjs.org/canvas
73 verbose headers { date: 'Tue, 21 Feb 2017 11:09:28 GMT',
73 verbose headers   via: '1.1 varnish',
73 verbose headers   'cache-control': 'max-age=300',
73 verbose headers   etag: 'W/"58aa7578-1ec96"',
73 verbose headers   age: '0',
73 verbose headers   connection: 'keep-alive',
73 verbose headers   'x-served-by': 'cache-cdg8722-CDG',
73 verbose headers   'x-cache': 'HIT',
73 verbose headers   'x-cache-hits': '1',
73 verbose headers   'x-timer': 'S1487675368.900723,VS0,VE53',
73 verbose headers   vary: 'Accept-Encoding' }
74 silly get cb [ 304,
74 silly get   { date: 'Tue, 21 Feb 2017 11:09:28 GMT',
74 silly get     via: '1.1 varnish',
74 silly get     'cache-control': 'max-age=300',
74 silly get     etag: 'W/"58aa7578-1ec96"',
74 silly get     age: '0',
74 silly get     connection: 'keep-alive',
74 silly get     'x-served-by': 'cache-cdg8722-CDG',
74 silly get     'x-cache': 'HIT',
74 silly get     'x-cache-hits': '1',
74 silly get     'x-timer': 'S1487675368.900723,VS0,VE53',
74 silly get     vary: 'Accept-Encoding' } ]
75 verbose etag https://registry.npmjs.org/canvas from cache
76 verbose get saving canvas to /home/simplonco/.npm/registry.npmjs.org/canvas/.cache.json
77 verbose correctMkdir /home/simplonco/.npm correctMkdir not in flight; initializing
78 silly resolveWithNewModule canvas@1.3.16 checking installable status
79 silly cache add args [ 'canvas@~1.3.4', null ]
80 verbose cache add spec canvas@~1.3.4
81 silly cache add parsed spec Result {
81 silly cache add   raw: 'canvas@~1.3.4',
81 silly cache add   scope: null,
81 silly cache add   escapedName: 'canvas',
81 silly cache add   name: 'canvas',
81 silly cache add   rawSpec: '~1.3.4',
81 silly cache add   spec: '>=1.3.4 <1.4.0',
81 silly cache add   type: 'range' }
82 silly addNamed canvas@>=1.3.4 <1.4.0
83 verbose addNamed ">=1.3.4 <1.4.0" is a valid semver range for canvas
84 silly addNameRange { name: 'canvas', range: '>=1.3.4 <1.4.0', hasData: false }
85 silly mapToRegistry name canvas
86 silly mapToRegistry using default registry
87 silly mapToRegistry registry https://registry.npmjs.org/
88 silly mapToRegistry data Result {
88 silly mapToRegistry   raw: 'canvas',
88 silly mapToRegistry   scope: null,
88 silly mapToRegistry   escapedName: 'canvas',
88 silly mapToRegistry   name: 'canvas',
88 silly mapToRegistry   rawSpec: '',
88 silly mapToRegistry   spec: 'latest',
88 silly mapToRegistry   type: 'tag' }
89 silly mapToRegistry uri https://registry.npmjs.org/canvas
90 verbose addNameRange registry:https://registry.npmjs.org/canvas not in flight; fetching
91 verbose get https://registry.npmjs.org/canvas not expired, no request
92 silly addNameRange number 2 { name: 'canvas', range: '>=1.3.4 <1.4.0', hasData: true }
93 silly addNameRange versions [ 'canvas',
93 silly addNameRange   [ '0.0.1',
93 silly addNameRange     '0.0.2',
93 silly addNameRange     '0.0.3',
93 silly addNameRange     '0.0.4',
93 silly addNameRange     '0.0.5',
93 silly addNameRange     '0.0.6',
93 silly addNameRange     '0.0.7',
93 silly addNameRange     '0.0.8',
93 silly addNameRange     '0.1.0',
93 silly addNameRange     '0.2.0',
93 silly addNameRange     '0.2.1',
93 silly addNameRange     '0.3.0',
93 silly addNameRange     '0.3.1',
93 silly addNameRange     '0.3.2',
93 silly addNameRange     '0.3.3',
93 silly addNameRange     '0.4.0',
93 silly addNameRange     '0.4.1',
93 silly addNameRange     '0.4.2',
93 silly addNameRange     '0.4.3',
93 silly addNameRange     '0.5.0',
93 silly addNameRange     '0.5.1',
93 silly addNameRange     '0.5.2',
93 silly addNameRange     '0.5.3',
93 silly addNameRange     '0.5.4',
93 silly addNameRange     '0.6.0',
93 silly addNameRange     '0.7.0',
93 silly addNameRange     '0.7.1',
93 silly addNameRange     '0.7.2',
93 silly addNameRange     '0.7.3',
93 silly addNameRange     '0.8.0',
93 silly addNameRange     '0.8.1',
93 silly addNameRange     '0.8.2',
93 silly addNameRange     '0.8.3',
93 silly addNameRange     '0.9.0',
93 silly addNameRange     '0.10.0',
93 silly addNameRange     '0.10.1',
93 silly addNameRange     '0.10.2',
93 silly addNameRange     '0.10.3',
93 silly addNameRange     '0.11.0',
93 silly addNameRange     '0.11.1',
93 silly addNameRange     '0.11.2',
93 silly addNameRange     '0.11.3',
93 silly addNameRange     '0.12.0',
93 silly addNameRange     '0.12.1',
93 silly addNameRange     '0.13.0',
93 silly addNameRange     '0.13.1',
93 silly addNameRange     '1.0.0',
93 silly addNameRange     '1.0.1',
93 silly addNameRange     '1.0.2',
93 silly addNameRange     '1.0.3',
93 silly addNameRange     '1.0.4',
93 silly addNameRange     '1.1.0',
93 silly addNameRange     '1.1.1',
93 silly addNameRange     '1.1.2',
93 silly addNameRange     '1.1.3',
93 silly addNameRange     '1.1.4',
93 silly addNameRange     '1.1.5',
93 silly addNameRange     '1.1.6',
93 silly addNameRange     '1.2.0',
93 silly addNameRange     '1.2.1',
93 silly addNameRange     '1.2.2',
93 silly addNameRange     '1.2.3',
93 silly addNameRange     '1.2.4',
93 silly addNameRange     '1.2.5',
93 silly addNameRange     '1.2.6',
93 silly addNameRange     '1.2.7',
93 silly addNameRange     '1.2.8',
93 silly addNameRange     '1.2.9',
93 silly addNameRange     '1.2.10',
93 silly addNameRange     '1.2.11',
93 silly addNameRange     '1.3.0',
93 silly addNameRange     '1.3.1',
93 silly addNameRange     '1.3.2',
93 silly addNameRange     '1.3.3',
93 silly addNameRange     '1.3.4',
93 silly addNameRange     '1.3.5',
93 silly addNameRange     '1.3.6',
93 silly addNameRange     '1.3.7',
93 silly addNameRange     '1.3.8',
93 silly addNameRange     '1.3.9',
93 silly addNameRange     '1.3.10',
93 silly addNameRange     '1.3.11',
93 silly addNameRange     '1.3.12',
93 silly addNameRange     '1.3.13',
93 silly addNameRange     '1.3.14',
93 silly addNameRange     '1.3.15',
93 silly addNameRange     '1.3.16',
93 silly addNameRange     '1.4.0',
93 silly addNameRange     '1.5.0',
93 silly addNameRange     '1.6.0',
93 silly addNameRange     '1.6.1',
93 silly addNameRange     '1.6.2',
93 silly addNameRange     '1.6.3' ] ]
94 silly addNamed canvas@1.3.16
95 verbose addNamed "1.3.16" is a plain semver version for canvas
96 silly cache afterAdd canvas@1.3.16
97 verbose afterAdd /home/simplonco/.npm/canvas/1.3.16/package/package.json not in flight; writing
98 verbose correctMkdir /home/simplonco/.npm correctMkdir not in flight; initializing
99 verbose afterAdd /home/simplonco/.npm/canvas/1.3.16/package/package.json written
100 silly fetchNamedPackageData nan
101 silly mapToRegistry name nan
102 silly mapToRegistry using default registry
103 silly mapToRegistry registry https://registry.npmjs.org/
104 silly mapToRegistry data Result {
104 silly mapToRegistry   raw: 'nan',
104 silly mapToRegistry   scope: null,
104 silly mapToRegistry   escapedName: 'nan',
104 silly mapToRegistry   name: 'nan',
104 silly mapToRegistry   rawSpec: '',
104 silly mapToRegistry   spec: 'latest',
104 silly mapToRegistry   type: 'tag' }
105 silly mapToRegistry uri https://registry.npmjs.org/nan
106 verbose request uri https://registry.npmjs.org/nan
107 verbose request no auth needed
108 info attempt registry request try #1 at 12:09:29 PM
109 verbose etag W/"58a44b6b-1df62"
110 verbose lastModified Wed, 15 Feb 2017 12:36:59 GMT
111 http request GET https://registry.npmjs.org/nan
112 http 304 https://registry.npmjs.org/nan
113 verbose headers { date: 'Tue, 21 Feb 2017 11:09:29 GMT',
113 verbose headers   via: '1.1 varnish',
113 verbose headers   'cache-control': 'max-age=300',
113 verbose headers   etag: 'W/"58a44b6b-1df62"',
113 verbose headers   age: '188',
113 verbose headers   connection: 'keep-alive',
113 verbose headers   'x-served-by': 'cache-cdg8722-CDG',
113 verbose headers   'x-cache': 'HIT',
113 verbose headers   'x-cache-hits': '9',
113 verbose headers   'x-timer': 'S1487675369.055284,VS0,VE0',
113 verbose headers   vary: 'Accept-Encoding' }
114 silly get cb [ 304,
114 silly get   { date: 'Tue, 21 Feb 2017 11:09:29 GMT',
114 silly get     via: '1.1 varnish',
114 silly get     'cache-control': 'max-age=300',
114 silly get     etag: 'W/"58a44b6b-1df62"',
114 silly get     age: '188',
114 silly get     connection: 'keep-alive',
114 silly get     'x-served-by': 'cache-cdg8722-CDG',
114 silly get     'x-cache': 'HIT',
114 silly get     'x-cache-hits': '9',
114 silly get     'x-timer': 'S1487675369.055284,VS0,VE0',
114 silly get     vary: 'Accept-Encoding' } ]
115 verbose etag https://registry.npmjs.org/nan from cache
116 verbose get saving nan to /home/simplonco/.npm/registry.npmjs.org/nan/.cache.json
117 verbose correctMkdir /home/simplonco/.npm correctMkdir not in flight; initializing
118 silly resolveWithNewModule nan@2.5.1 checking installable status
119 silly cache add args [ 'nan@^2.3.2', null ]
120 verbose cache add spec nan@^2.3.2
121 silly cache add parsed spec Result {
121 silly cache add   raw: 'nan@^2.3.2',
121 silly cache add   scope: null,
121 silly cache add   escapedName: 'nan',
121 silly cache add   name: 'nan',
121 silly cache add   rawSpec: '^2.3.2',
121 silly cache add   spec: '>=2.3.2 <3.0.0',
121 silly cache add   type: 'range' }
122 silly addNamed nan@>=2.3.2 <3.0.0
123 verbose addNamed ">=2.3.2 <3.0.0" is a valid semver range for nan
124 silly addNameRange { name: 'nan', range: '>=2.3.2 <3.0.0', hasData: false }
125 silly mapToRegistry name nan
126 silly mapToRegistry using default registry
127 silly mapToRegistry registry https://registry.npmjs.org/
128 silly mapToRegistry data Result {
128 silly mapToRegistry   raw: 'nan',
128 silly mapToRegistry   scope: null,
128 silly mapToRegistry   escapedName: 'nan',
128 silly mapToRegistry   name: 'nan',
128 silly mapToRegistry   rawSpec: '',
128 silly mapToRegistry   spec: 'latest',
128 silly mapToRegistry   type: 'tag' }
129 silly mapToRegistry uri https://registry.npmjs.org/nan
130 verbose addNameRange registry:https://registry.npmjs.org/nan not in flight; fetching
131 verbose get https://registry.npmjs.org/nan not expired, no request
132 silly addNameRange number 2 { name: 'nan', range: '>=2.3.2 <3.0.0', hasData: true }
133 silly addNameRange versions [ 'nan',
133 silly addNameRange   [ '0.3.0-wip',
133 silly addNameRange     '0.3.0-wip2',
133 silly addNameRange     '0.3.0',
133 silly addNameRange     '0.3.1',
133 silly addNameRange     '0.3.2',
133 silly addNameRange     '0.4.0',
133 silly addNameRange     '0.4.1',
133 silly addNameRange     '0.4.2',
133 silly addNameRange     '0.4.3',
133 silly addNameRange     '0.4.4',
133 silly addNameRange     '0.5.0',
133 silly addNameRange     '0.5.1',
133 silly addNameRange     '0.5.2',
133 silly addNameRange     '0.6.0',
133 silly addNameRange     '0.7.0',
133 silly addNameRange     '0.7.1',
133 silly addNameRange     '0.8.0',
133 silly addNameRange     '1.0.0',
133 silly addNameRange     '1.1.0',
133 silly addNameRange     '1.1.1',
133 silly addNameRange     '1.1.2',
133 silly addNameRange     '1.2.0',
133 silly addNameRange     '1.3.0',
133 silly addNameRange     '1.4.0',
133 silly addNameRange     '1.4.1',
133 silly addNameRange     '1.5.0',
133 silly addNameRange     '1.4.2',
133 silly addNameRange     '1.4.3',
133 silly addNameRange     '1.5.1',
133 silly addNameRange     '1.5.2',
133 silly addNameRange     '1.6.0',
133 silly addNameRange     '1.5.3',
133 silly addNameRange     '1.6.1',
133 silly addNameRange     '1.6.2',
133 silly addNameRange     '1.7.0',
133 silly addNameRange     '1.8.0',
133 silly addNameRange     '1.8.1',
133 silly addNameRange     '1.8.2',
133 silly addNameRange     '1.8.3',
133 silly addNameRange     '1.8.4',
133 silly addNameRange     '1.9.0',
133 silly addNameRange     '2.0.0',
133 silly addNameRange     '2.0.1',
133 silly addNameRange     '2.0.2',
133 silly addNameRange     '2.0.3',
133 silly addNameRange     '2.0.4',
133 silly addNameRange     '2.0.5',
133 silly addNameRange     '2.0.6',
133 silly addNameRange     '2.0.7',
133 silly addNameRange     '2.0.8',
133 silly addNameRange     '2.0.9',
133 silly addNameRange     '2.1.0',
133 silly addNameRange     '2.2.0',
133 silly addNameRange     '2.2.1',
133 silly addNameRange     '2.3.0',
133 silly addNameRange     '2.3.1',
133 silly addNameRange     '2.3.2',
133 silly addNameRange     '2.3.3',
133 silly addNameRange     '2.3.4',
133 silly addNameRange     '2.3.5',
133 silly addNameRange     '2.4.0',
133 silly addNameRange     '2.5.0',
133 silly addNameRange     '2.5.1' ] ]
134 silly addNamed nan@2.5.1
135 verbose addNamed "2.5.1" is a plain semver version for nan
136 silly cache afterAdd nan@2.5.1
137 verbose afterAdd /home/simplonco/.npm/nan/2.5.1/package/package.json not in flight; writing
138 verbose correctMkdir /home/simplonco/.npm correctMkdir not in flight; initializing
139 verbose afterAdd /home/simplonco/.npm/nan/2.5.1/package/package.json written
140 silly loadAllDepsIntoIdealTree Finishing
141 silly loadIdealTree Finishing
142 silly currentTree npm-qrcode-generator
142 silly currentTree ├── base64-js@0.0.2
142 silly currentTree ├── bops@0.0.6
142 silly currentTree ├── colors@1.1.2
142 silly currentTree └── to-utf8@0.0.1
143 silly idealTree npm-qrcode-generator
143 silly idealTree ├── base64-js@0.0.2
143 silly idealTree ├── bops@0.0.6
143 silly idealTree ├── canvas@1.3.16
143 silly idealTree ├── colors@1.1.2
143 silly idealTree ├── nan@2.5.1
143 silly idealTree ├── qrcode@0.5.0
143 silly idealTree └── to-utf8@0.0.1
144 silly generateActionsToTake Starting
145 silly install generateActionsToTake
146 silly generateActionsToTake Finishing
147 silly diffTrees action count 3
148 silly diffTrees add nan@2.5.1
149 silly diffTrees add canvas@1.3.16
150 silly diffTrees add qrcode@0.5.0
151 silly decomposeActions action count 24
152 silly decomposeActions fetch nan@2.5.1
153 silly decomposeActions extract nan@2.5.1
154 silly decomposeActions test nan@2.5.1
155 silly decomposeActions preinstall nan@2.5.1
156 silly decomposeActions build nan@2.5.1
157 silly decomposeActions install nan@2.5.1
158 silly decomposeActions postinstall nan@2.5.1
159 silly decomposeActions finalize nan@2.5.1
160 silly decomposeActions fetch canvas@1.3.16
161 silly decomposeActions extract canvas@1.3.16
162 silly decomposeActions test canvas@1.3.16
163 silly decomposeActions preinstall canvas@1.3.16
164 silly decomposeActions build canvas@1.3.16
165 silly decomposeActions install canvas@1.3.16
166 silly decomposeActions postinstall canvas@1.3.16
167 silly decomposeActions finalize canvas@1.3.16
168 silly decomposeActions fetch qrcode@0.5.0
169 silly decomposeActions extract qrcode@0.5.0
170 silly decomposeActions test qrcode@0.5.0
171 silly decomposeActions preinstall qrcode@0.5.0
172 silly decomposeActions build qrcode@0.5.0
173 silly decomposeActions install qrcode@0.5.0
174 silly decomposeActions postinstall qrcode@0.5.0
175 silly decomposeActions finalize qrcode@0.5.0
176 silly runTopLevelLifecycles Starting
177 silly executeActions Starting
178 silly install executeActions
179 silly doSerial global-install 0
180 silly doParallel fetch 3
181 verbose correctMkdir /home/simplonco/.npm/_locks correctMkdir not in flight; initializing
182 verbose lock using /home/simplonco/.npm/_locks/staging-852d2b1f6b875d88.lock for /home/simplonco/tang/npm-qrcode-generator/node_modules/.staging
183 silly doParallel extract 3
184 silly extract nan@2.5.1
185 silly extract canvas@1.3.16
186 silly extract qrcode@0.5.0
187 verbose unbuild node_modules/.staging/nan-7ac6c640
188 verbose unbuild node_modules/.staging/canvas-43f4d272
189 verbose unbuild node_modules/.staging/qrcode-55abed7a
190 silly gentlyRm /home/simplonco/tang/npm-qrcode-generator/node_modules/.staging/nan-7ac6c640 is being purged from base /home/simplonco/tang/npm-qrcode-generator
191 verbose gentlyRm don't care about contents; nuking /home/simplonco/tang/npm-qrcode-generator/node_modules/.staging/nan-7ac6c640
192 silly gentlyRm /home/simplonco/tang/npm-qrcode-generator/node_modules/.staging/canvas-43f4d272 is being purged from base /home/simplonco/tang/npm-qrcode-generator
193 verbose gentlyRm don't care about contents; nuking /home/simplonco/tang/npm-qrcode-generator/node_modules/.staging/canvas-43f4d272
194 verbose tar unpack /home/simplonco/.npm/nan/2.5.1/package.tgz
195 verbose tar unpacking to /home/simplonco/tang/npm-qrcode-generator/node_modules/.staging/nan-7ac6c640
196 silly gentlyRm /home/simplonco/tang/npm-qrcode-generator/node_modules/.staging/nan-7ac6c640 is being purged
197 verbose gentlyRm don't care about contents; nuking /home/simplonco/tang/npm-qrcode-generator/node_modules/.staging/nan-7ac6c640
198 verbose tar unpack /home/simplonco/.npm/canvas/1.3.16/package.tgz
199 verbose tar unpacking to /home/simplonco/tang/npm-qrcode-generator/node_modules/.staging/canvas-43f4d272
200 silly gentlyRm /home/simplonco/tang/npm-qrcode-generator/node_modules/.staging/canvas-43f4d272 is being purged
201 verbose gentlyRm don't care about contents; nuking /home/simplonco/tang/npm-qrcode-generator/node_modules/.staging/canvas-43f4d272
202 silly gunzTarPerm modes [ '755', '644' ]
203 silly gunzTarPerm modes [ '755', '644' ]
204 silly gentlyRm /home/simplonco/tang/npm-qrcode-generator/node_modules/.staging/qrcode-55abed7a is being purged from base /home/simplonco/tang/npm-qrcode-generator
205 verbose gentlyRm don't care about contents; nuking /home/simplonco/tang/npm-qrcode-generator/node_modules/.staging/qrcode-55abed7a
206 verbose tar unpack /home/simplonco/.npm/qrcode/0.5.0/package.tgz
207 verbose tar unpacking to /home/simplonco/tang/npm-qrcode-generator/node_modules/.staging/qrcode-55abed7a
208 silly gentlyRm /home/simplonco/tang/npm-qrcode-generator/node_modules/.staging/qrcode-55abed7a is being purged
209 verbose gentlyRm don't care about contents; nuking /home/simplonco/tang/npm-qrcode-generator/node_modules/.staging/qrcode-55abed7a
210 silly gunzTarPerm modes [ '755', '644' ]
211 silly gunzTarPerm extractEntry package.json
212 silly gunzTarPerm modified mode [ 'package.json', 436, 420 ]
213 silly gunzTarPerm extractEntry package.json
214 silly gunzTarPerm extractEntry package.json
215 silly gunzTarPerm modified mode [ 'package.json', 436, 420 ]
216 silly gunzTarPerm extractEntry README.md
217 silly gunzTarPerm modified mode [ 'README.md', 436, 420 ]
218 silly gunzTarPerm extractEntry .npmignore
219 silly gunzTarPerm extractEntry index.js
220 silly gunzTarPerm extractEntry include_dirs.js
221 silly gunzTarPerm modified mode [ 'include_dirs.js', 436, 420 ]
222 silly gunzTarPerm extractEntry .npmignore
223 silly gunzTarPerm modified mode [ '.npmignore', 436, 420 ]
224 silly gunzTarPerm extractEntry README.md
225 silly gunzTarPerm modified mode [ 'README.md', 436, 420 ]
226 silly gunzTarPerm extractEntry nan_converters.h
227 silly gunzTarPerm modified mode [ 'nan_converters.h', 436, 420 ]
228 silly gunzTarPerm extractEntry CHANGELOG.md
229 silly gunzTarPerm modified mode [ 'CHANGELOG.md', 436, 420 ]
230 silly gunzTarPerm extractEntry LICENSE.md
231 silly gunzTarPerm modified mode [ 'LICENSE.md', 436, 420 ]
232 silly gunzTarPerm extractEntry Readme.md
233 silly gunzTarPerm extractEntry binding.gyp
234 silly gunzTarPerm extractEntry doc/node_misc.md
235 silly gunzTarPerm modified mode [ 'doc/node_misc.md', 436, 420 ]
236 silly gunzTarPerm extractEntry build.js
237 silly gunzTarPerm modified mode [ 'build.js', 436, 420 ]
238 silly gunzTarPerm extractEntry qrcode.js
239 silly gunzTarPerm modified mode [ 'qrcode.js', 436, 420 ]
240 silly gunzTarPerm extractEntry .travis.yml
241 silly gunzTarPerm extractEntry qrcodeclient.js
242 silly gunzTarPerm modified mode [ 'qrcodeclient.js', 436, 420 ]
243 silly gunzTarPerm extractEntry doc/asyncworker.md
244 silly gunzTarPerm modified mode [ 'doc/asyncworker.md', 436, 420 ]
245 silly gunzTarPerm extractEntry doc/callback.md
246 silly gunzTarPerm modified mode [ 'doc/callback.md', 436, 420 ]
247 silly gunzTarPerm extractEntry lib/bindings.js
248 silly gunzTarPerm extractEntry lib/canvas.js
249 silly gunzTarPerm extractEntry doc/converters.md
250 silly gunzTarPerm modified mode [ 'doc/converters.md', 436, 420 ]
251 silly gunzTarPerm extractEntry doc/errors.md
252 silly gunzTarPerm modified mode [ 'doc/errors.md', 436, 420 ]
253 silly gunzTarPerm extractEntry lib/qrcapacitytable.js
254 silly gunzTarPerm modified mode [ 'lib/qrcapacitytable.js', 436, 420 ]
255 silly gunzTarPerm extractEntry lib/qrcode-draw.js
256 silly gunzTarPerm modified mode [ 'lib/qrcode-draw.js', 436, 420 ]
257 silly gunzTarPerm extractEntry lib/context2d.js
258 silly gunzTarPerm extractEntry lib/image.js
259 silly gunzTarPerm extractEntry doc/maybe_types.md
260 silly gunzTarPerm modified mode [ 'doc/maybe_types.md', 436, 420 ]
261 silly gunzTarPerm extractEntry doc/methods.md
262 silly gunzTarPerm modified mode [ 'doc/methods.md', 436, 420 ]
263 silly gunzTarPerm extractEntry doc/new.md
264 silly gunzTarPerm modified mode [ 'doc/new.md', 436, 420 ]
265 silly gunzTarPerm extractEntry lib/qrcode.js
266 silly gunzTarPerm modified mode [ 'lib/qrcode.js', 436, 420 ]
267 silly gunzTarPerm extractEntry lib/svgrender.js
268 silly gunzTarPerm modified mode [ 'lib/svgrender.js', 436, 420 ]
269 silly gunzTarPerm extractEntry lib/jpegstream.js
270 silly gunzTarPerm extractEntry lib/pngstream.js
271 silly gunzTarPerm extractEntry doc/buffers.md
272 silly gunzTarPerm modified mode [ 'doc/buffers.md', 436, 420 ]
273 silly gunzTarPerm extractEntry doc/object_wrappers.md
274 silly gunzTarPerm modified mode [ 'doc/object_wrappers.md', 436, 420 ]
275 silly gunzTarPerm extractEntry lib/termialrender.js
276 silly gunzTarPerm modified mode [ 'lib/termialrender.js', 436, 420 ]
277 silly gunzTarPerm extractEntry build/qrcode.js
278 silly gunzTarPerm modified mode [ 'build/qrcode.js', 436, 420 ]
279 silly gunzTarPerm extractEntry History.md
280 silly gunzTarPerm extractEntry src/Image.cc
281 silly gunzTarPerm extractEntry build/qrcode.min.js
282 silly gunzTarPerm modified mode [ 'build/qrcode.min.js', 436, 420 ]
283 silly gunzTarPerm extractEntry build/.g
284 silly gunzTarPerm modified mode [ 'build/.g', 436, 420 ]
285 silly gunzTarPerm extractEntry doc/persistent.md
286 silly gunzTarPerm modified mode [ 'doc/persistent.md', 436, 420 ]
287 silly gunzTarPerm extractEntry doc/scopes.md
288 silly gunzTarPerm modified mode [ 'doc/scopes.md', 436, 420 ]
289 silly gunzTarPerm extractEntry src/Canvas.cc
290 silly gunzTarPerm extractEntry src/CanvasGradient.cc
291 silly gunzTarPerm extractEntry .jshintignore
292 silly gunzTarPerm modified mode [ '.jshintignore', 436, 420 ]
293 silly gunzTarPerm extractEntry .travis.yml
294 silly gunzTarPerm modified mode [ '.travis.yml', 436, 420 ]
295 silly gunzTarPerm extractEntry doc/script.md
296 silly gunzTarPerm modified mode [ 'doc/script.md', 436, 420 ]
297 silly gunzTarPerm extractEntry doc/string_bytes.md
298 silly gunzTarPerm modified mode [ 'doc/string_bytes.md', 436, 420 ]
299 silly gunzTarPerm extractEntry src/CanvasGradient.h
300 silly gunzTarPerm extractEntry src/CanvasPattern.cc
301 silly gunzTarPerm extractEntry doc/v8_internals.md
302 silly gunzTarPerm modified mode [ 'doc/v8_internals.md', 436, 420 ]
303 silly gunzTarPerm extractEntry doc/v8_misc.md
304 silly gunzTarPerm modified mode [ 'doc/v8_misc.md', 436, 420 ]
305 silly gunzTarPerm extractEntry license
306 silly gunzTarPerm modified mode [ 'license', 436, 420 ]
307 silly gunzTarPerm extractEntry test/cli.js
308 silly gunzTarPerm modified mode [ 'test/cli.js', 436, 420 ]
309 silly gunzTarPerm extractEntry test/clientsideserver.js
310 silly gunzTarPerm modified mode [ 'test/clientsideserver.js', 436, 420 ]
311 silly gunzTarPerm extractEntry test/save.js
312 silly gunzTarPerm modified mode [ 'test/save.js', 436, 420 ]
313 silly gunzTarPerm extractEntry src/CanvasPattern.h
314 silly gunzTarPerm extractEntry src/CanvasRenderingContext2d.cc
315 silly gunzTarPerm extractEntry nan.h
316 silly gunzTarPerm modified mode [ 'nan.h', 436, 420 ]
317 silly gunzTarPerm extractEntry nan_callbacks.h
318 silly gunzTarPerm modified mode [ 'nan_callbacks.h', 436, 420 ]
319 silly gunzTarPerm extractEntry test/server.js
320 silly gunzTarPerm modified mode [ 'test/server.js', 436, 420 ]
321 silly gunzTarPerm extractEntry test/svg.js
322 silly gunzTarPerm modified mode [ 'test/svg.js', 436, 420 ]
323 silly gunzTarPerm extractEntry src/CanvasRenderingContext2d.h
324 silly gunzTarPerm extractEntry src/FontFace.cc
325 silly gunzTarPerm extractEntry nan_callbacks_12_inl.h
326 silly gunzTarPerm modified mode [ 'nan_callbacks_12_inl.h', 436, 420 ]
327 silly gunzTarPerm extractEntry nan_callbacks_pre_12_inl.h
328 silly gunzTarPerm modified mode [ 'nan_callbacks_pre_12_inl.h', 436, 420 ]
329 silly gunzTarPerm extractEntry test/url.js
330 silly gunzTarPerm modified mode [ 'test/url.js', 436, 420 ]
331 silly gunzTarPerm extractEntry test/clientside.html
332 silly gunzTarPerm modified mode [ 'test/clientside.html', 436, 420 ]
333 silly gunzTarPerm extractEntry src/FontFace.h
334 silly gunzTarPerm extractEntry src/Canvas.h
335 silly gunzTarPerm extractEntry nan_converters_43_inl.h
336 silly gunzTarPerm modified mode [ 'nan_converters_43_inl.h', 436, 420 ]
337 silly gunzTarPerm extractEntry nan_converters_pre_43_inl.h
338 silly gunzTarPerm modified mode [ 'nan_converters_pre_43_inl.h', 436, 420 ]
339 silly gunzTarPerm extractEntry nan_implementation_12_inl.h
340 silly gunzTarPerm modified mode [ 'nan_implementation_12_inl.h', 436, 420 ]
341 silly gunzTarPerm extractEntry test/fixtures/bacon-bikini.png
342 silly gunzTarPerm modified mode [ 'test/fixtures/bacon-bikini.png', 436, 420 ]
343 silly gunzTarPerm extractEntry nan_implementation_pre_12_inl.h
344 silly gunzTarPerm modified mode [ 'nan_implementation_pre_12_inl.h', 436, 420 ]
345 silly gunzTarPerm extractEntry src/Image.h
346 silly gunzTarPerm extractEntry src/ImageData.cc
347 silly gunzTarPerm extractEntry src/ImageData.h
348 silly gunzTarPerm extractEntry nan_maybe_43_inl.h
349 silly gunzTarPerm modified mode [ 'nan_maybe_43_inl.h', 436, 420 ]
350 silly gunzTarPerm extractEntry nan_maybe_pre_43_inl.h
351 silly gunzTarPerm modified mode [ 'nan_maybe_pre_43_inl.h', 436, 420 ]
352 silly gunzTarPerm extractEntry nan_new.h
353 silly gunzTarPerm modified mode [ 'nan_new.h', 436, 420 ]
354 silly gunzTarPerm extractEntry nan_object_wrap.h
355 silly gunzTarPerm modified mode [ 'nan_object_wrap.h', 436, 420 ]
356 silly gunzTarPerm extractEntry src/JPEGStream.h
357 silly gunzTarPerm extractEntry src/PNG.h
358 silly gunzTarPerm extractEntry src/Point.h
359 silly gunzTarPerm extractEntry src/closure.h
360 silly gunzTarPerm extractEntry nan_persistent_12_inl.h
361 silly gunzTarPerm modified mode [ 'nan_persistent_12_inl.h', 436, 420 ]
362 silly gunzTarPerm extractEntry nan_persistent_pre_12_inl.h
363 silly gunzTarPerm modified mode [ 'nan_persistent_pre_12_inl.h', 436, 420 ]
364 silly gunzTarPerm extractEntry test/fixtures/bacon-love.png
365 silly gunzTarPerm modified mode [ 'test/fixtures/bacon-love.png', 436, 420 ]
366 silly gunzTarPerm extractEntry src/color.cc
367 silly gunzTarPerm extractEntry src/color.h
368 silly gunzTarPerm extractEntry nan_private.h
369 silly gunzTarPerm modified mode [ 'nan_private.h', 436, 420 ]
370 silly gunzTarPerm extractEntry nan_string_bytes.h
371 silly gunzTarPerm modified mode [ 'nan_string_bytes.h', 436, 420 ]
372 silly gunzTarPerm extractEntry src/init.cc
373 silly gunzTarPerm extractEntry util/has_lib.sh
374 silly gunzTarPerm extractEntry nan_typedarray_contents.h
375 silly gunzTarPerm modified mode [ 'nan_typedarray_contents.h', 436, 420 ]
376 silly gunzTarPerm extractEntry nan_weak.h
377 silly gunzTarPerm modified mode [ 'nan_weak.h', 436, 420 ]
378 silly gunzTarPerm extractEntry test/fixtures/expected-output.svg
379 silly gunzTarPerm modified mode [ 'test/fixtures/expected-output.svg', 436, 420 ]
380 silly gunzTarPerm extractEntry tools/package.json
381 silly gunzTarPerm modified mode [ 'tools/package.json', 436, 420 ]
382 silly gunzTarPerm extractEntry tools/README.md
383 silly gunzTarPerm modified mode [ 'tools/README.md', 436, 420 ]
384 silly gunzTarPerm extractEntry CONTRIBUTING.md
385 silly gunzTarPerm modified mode [ 'CONTRIBUTING.md', 436, 420 ]
386 silly gunzTarPerm extractEntry bin/qrcode
387 silly gunzTarPerm modified mode [ 'bin/qrcode', 509, 493 ]
388 silly gunzTarPerm extractEntry tools/1to2.js
389 silly gunzTarPerm modified mode [ 'tools/1to2.js', 509, 493 ]
390 silly gunzTarPerm extractEntry vendors/excanvas/README
391 silly gunzTarPerm modified mode [ 'vendors/excanvas/README', 436, 420 ]
392 silly gunzTarPerm extractEntry vendors/excanvas/excanvas.compiled.js
393 silly gunzTarPerm modified mode [ 'vendors/excanvas/excanvas.compiled.js', 436, 420 ]
394 silly gunzTarPerm extractEntry vendors/excanvas/excanvas.js
395 silly gunzTarPerm modified mode [ 'vendors/excanvas/excanvas.js', 436, 420 ]
396 silly gentlyRm /home/simplonco/tang/npm-qrcode-generator/node_modules/.staging/canvas-43f4d272/node_modules is being purged
397 verbose gentlyRm don't care about contents; nuking /home/simplonco/tang/npm-qrcode-generator/node_modules/.staging/canvas-43f4d272/node_modules
398 silly gentlyRm /home/simplonco/tang/npm-qrcode-generator/node_modules/.staging/qrcode-55abed7a/node_modules is being purged
399 verbose gentlyRm don't care about contents; nuking /home/simplonco/tang/npm-qrcode-generator/node_modules/.staging/qrcode-55abed7a/node_modules
400 silly gentlyRm /home/simplonco/tang/npm-qrcode-generator/node_modules/.staging/nan-7ac6c640/node_modules is being purged
401 verbose gentlyRm don't care about contents; nuking /home/simplonco/tang/npm-qrcode-generator/node_modules/.staging/nan-7ac6c640/node_modules
402 silly doParallel preinstall 3
403 silly preinstall nan@2.5.1 /home/simplonco/tang/npm-qrcode-generator/node_modules/.staging/nan-7ac6c640
404 info lifecycle nan@2.5.1~preinstall: nan@2.5.1
405 silly preinstall canvas@1.3.16 /home/simplonco/tang/npm-qrcode-generator/node_modules/.staging/canvas-43f4d272
406 info lifecycle canvas@1.3.16~preinstall: canvas@1.3.16
407 silly preinstall qrcode@0.5.0 /home/simplonco/tang/npm-qrcode-generator/node_modules/.staging/qrcode-55abed7a
408 info lifecycle qrcode@0.5.0~preinstall: qrcode@0.5.0
409 silly lifecycle nan@2.5.1~preinstall: no script for preinstall, continuing
410 silly lifecycle canvas@1.3.16~preinstall: no script for preinstall, continuing
411 silly lifecycle qrcode@0.5.0~preinstall: no script for preinstall, continuing
412 silly doReverseSerial remove 0
413 silly doSerial move 0
414 silly doSerial finalize 3
415 silly finalize /home/simplonco/tang/npm-qrcode-generator/node_modules/nan
416 silly finalize /home/simplonco/tang/npm-qrcode-generator/node_modules/canvas
417 silly finalize /home/simplonco/tang/npm-qrcode-generator/node_modules/qrcode
418 silly doSerial build 3
419 silly build nan@2.5.1
420 info linkStuff nan@2.5.1
421 silly linkStuff nan@2.5.1 has /home/simplonco/tang/npm-qrcode-generator/node_modules as its parent node_modules
422 verbose linkBins nan@2.5.1
423 verbose linkMans nan@2.5.1
424 silly build canvas@1.3.16
425 info linkStuff canvas@1.3.16
426 silly linkStuff canvas@1.3.16 has /home/simplonco/tang/npm-qrcode-generator/node_modules as its parent node_modules
427 verbose linkBins canvas@1.3.16
428 verbose linkMans canvas@1.3.16
429 silly build qrcode@0.5.0
430 info linkStuff qrcode@0.5.0
431 silly linkStuff qrcode@0.5.0 has /home/simplonco/tang/npm-qrcode-generator/node_modules as its parent node_modules
432 verbose linkBins qrcode@0.5.0
433 verbose link bins [ { qrcode: './bin/qrcode' },
433 verbose link bins   '/home/simplonco/tang/npm-qrcode-generator/node_modules/.bin',
433 verbose link bins   false ]
434 verbose linkMans qrcode@0.5.0
435 silly doSerial global-link 0
436 silly doParallel update-linked 0
437 silly doSerial install 3
438 silly install nan@2.5.1 /home/simplonco/tang/npm-qrcode-generator/node_modules/.staging/nan-7ac6c640
439 info lifecycle nan@2.5.1~install: nan@2.5.1
440 silly lifecycle nan@2.5.1~install: no script for install, continuing
441 silly install canvas@1.3.16 /home/simplonco/tang/npm-qrcode-generator/node_modules/.staging/canvas-43f4d272
442 info lifecycle canvas@1.3.16~install: canvas@1.3.16
443 verbose lifecycle canvas@1.3.16~install: unsafe-perm in lifecycle true
444 verbose lifecycle canvas@1.3.16~install: PATH: /usr/lib/node_modules/npm/bin/node-gyp-bin:/home/simplonco/tang/npm-qrcode-generator/node_modules/canvas/node_modules/.bin:/home/simplonco/tang/npm-qrcode-generator/node_modules/.bin:/usr/local/bin:/usr/bin:/bin:/usr/local/games:/usr/games
445 verbose lifecycle canvas@1.3.16~install: CWD: /home/simplonco/tang/npm-qrcode-generator/node_modules/canvas
446 silly lifecycle canvas@1.3.16~install: Args: [ '-c', 'node-gyp rebuild' ]
447 silly lifecycle canvas@1.3.16~install: Returned: code: 1  signal: null
448 info lifecycle canvas@1.3.16~install: Failed to exec install script
449 verbose unlock done using /home/simplonco/.npm/_locks/staging-852d2b1f6b875d88.lock for /home/simplonco/tang/npm-qrcode-generator/node_modules/.staging
450 silly rollbackFailedOptional Starting
451 silly rollbackFailedOptional Finishing
452 silly runTopLevelLifecycles Finishing
453 silly install printInstalled
454 warn enoent ENOENT: no such file or directory, open '/home/simplonco/tang/npm-qrcode-generator/package.json'
455 verbose enoent ENOENT: no such file or directory, open '/home/simplonco/tang/npm-qrcode-generator/package.json'
455 verbose enoent This is most likely not a problem with npm itself
455 verbose enoent and is related to npm not being able to find a file.
456 warn npm-qrcode-generator No description
457 verbose If you need help, you may report this error at:
457 verbose     <https://github.com/npm/npm/issues>
458 warn npm-qrcode-generator No repository field.
459 verbose If you need help, you may report this error at:
459 verbose     <https://github.com/npm/npm/issues>
460 warn npm-qrcode-generator No README data
461 verbose If you need help, you may report this error at:
461 verbose     <https://github.com/npm/npm/issues>
462 warn npm-qrcode-generator No license field.
463 verbose If you need help, you may report this error at:
463 verbose     <https://github.com/npm/npm/issues>
464 verbose stack Error: canvas@1.3.16 install: `node-gyp rebuild`
464 verbose stack Exit status 1
464 verbose stack     at EventEmitter.<anonymous> (/usr/lib/node_modules/npm/lib/utils/lifecycle.js:255:16)
464 verbose stack     at emitTwo (events.js:106:13)
464 verbose stack     at EventEmitter.emit (events.js:191:7)
464 verbose stack     at ChildProcess.<anonymous> (/usr/lib/node_modules/npm/lib/utils/spawn.js:40:14)
464 verbose stack     at emitTwo (events.js:106:13)
464 verbose stack     at ChildProcess.emit (events.js:191:7)
464 verbose stack     at maybeClose (internal/child_process.js:877:16)
464 verbose stack     at Process.ChildProcess._handle.onexit (internal/child_process.js:226:5)
465 verbose pkgid canvas@1.3.16
466 verbose cwd /home/simplonco/tang/npm-qrcode-generator
467 error Linux 3.16.0-4-amd64
468 error argv "/usr/bin/nodejs" "/usr/bin/npm" "install" "--save" "qrcode"
469 error node v6.9.4
470 error npm  v3.10.10
471 error code ELIFECYCLE
472 error canvas@1.3.16 install: `node-gyp rebuild`
472 error Exit status 1
473 error Failed at the canvas@1.3.16 install script 'node-gyp rebuild'.
473 error Make sure you have the latest version of node.js and npm installed.
473 error If you do, this is most likely a problem with the canvas package,
473 error not with npm itself.
473 error Tell the author that this fails on your system:
473 error     node-gyp rebuild
473 error You can get information on how to open an issue for this project with:
473 error     npm bugs canvas
473 error Or if that isn't available, you can get their info via:
473 error     npm owner ls canvas
473 error There is likely additional logging output above.
474 verbose exit [ 1, true ]
